<?xml version="1.0" encoding="UTF-8"?>
<testng-results skipped="0" failed="0" ignored="0" total="1" passed="1">
  <reporter-output>
  </reporter-output>
  <suite name="Test Suite" duration-ms="100390" started-at="2021-04-28T11:44:38 IST" finished-at="2021-04-28T11:46:18 IST">
    <groups>
      <group name="cucumber">
        <method signature="AbstractTestNGCucumberTests.feature(cucumber.api.testng.CucumberFeatureWrapper)[pri:0, instance:cucumberOptions.TestRunner@6737fd8f]" name="feature" class="cucumber.api.testng.AbstractTestNGCucumberTests"/>
      </group> <!-- cucumber -->
    </groups>
    <test name="Regression Tests" duration-ms="100390" started-at="2021-04-28T11:44:38 IST" finished-at="2021-04-28T11:46:18 IST">
      <class name="cucumberOptions.TestRunner">
        <test-method status="PASS" signature="setUpClass()[pri:0, instance:cucumberOptions.TestRunner@6737fd8f]" name="setUpClass" is-config="true" duration-ms="370" started-at="2021-04-28T11:44:38 IST" finished-at="2021-04-28T11:44:38 IST">
          <reporter-output>
          </reporter-output>
        </test-method> <!-- setUpClass -->
        <test-method status="PASS" signature="feature(cucumber.api.testng.CucumberFeatureWrapper)[pri:0, instance:cucumberOptions.TestRunner@6737fd8f]" name="feature" duration-ms="99695" started-at="2021-04-28T11:44:38 IST" description="Runs Cucumber Feature" data-provider="features" finished-at="2021-04-28T11:46:18 IST">
          <params>
            <param index="0">
              <value>
                <![CDATA[Compose Button feature]]>
              </value>
            </param>
          </params>
          <reporter-output>
          </reporter-output>
        </test-method> <!-- feature -->
        <test-method status="PASS" signature="tearDownClass()[pri:0, instance:cucumberOptions.TestRunner@6737fd8f]" name="tearDownClass" is-config="true" duration-ms="28" started-at="2021-04-28T11:46:18 IST" finished-at="2021-04-28T11:46:18 IST">
          <reporter-output>
          </reporter-output>
        </test-method> <!-- tearDownClass -->
      </class> <!-- cucumberOptions.TestRunner -->
    </test> <!-- Regression Tests -->
  </suite> <!-- Test Suite -->
</testng-results>
